<?xml version="1.0" encoding="UTF-8"?>
<!-- Generated by org.testng.reporters.JUnitReportReporter -->
<testsuite hostname="DESKTOP-K93915P" failures="0" tests="1" name="Test_class.test" time="14.365" errors="0" timestamp="2023-02-27T14:32:07 IST" skipped="0">
  <testcase classname="Test_class.test" name="InitialiseBrowser" time="14.365"/>
  <system-out/>
</testsuite> <!-- Test_class.test -->
