<?xml version="1.0" encoding="UTF-8"?>
<!-- Generated by org.testng.reporters.JUnitReportReporter -->
<testsuite hostname="DESKTOP-JSIT98I" failures="0" tests="1" name="UMS_automation.UMS_automation.test_class" time="12.554" errors="0" timestamp="2023-01-10T10:59:47 IST" skipped="0">
  <testcase classname="UMS_automation.UMS_automation.test_class" name="tc1" time="12.554"/>
  <system-out/>
</testsuite> <!-- UMS_automation.UMS_automation.test_class -->
