<?xml version="1.0" encoding="UTF-8"?>
<!-- Generated by org.testng.reporters.JUnitReportReporter -->
<testsuite hostname="DESKTOP-JSIT98I" failures="0" tests="2" name="Test_class.test_class1" time="2.684" errors="0" timestamp="2023-01-19T18:27:51 IST" skipped="1">
  <testcase classname="Test_class.test_class1" name="test2" time="2.684"/>
  <system-out/>
  <testcase classname="Test_class.test_class1" name="test1">
    <skipped/>
  </testcase> <!-- test1 -->
  <system-out/>
</testsuite> <!-- Test_class.test_class1 -->
